<?xml version="1.0" encoding="UTF-8"?>
<testsuite name="ch.ethz.globis.isk.db4o.service.Db4oPublicationServiceTest" time="0.796" tests="15" errors="0" skipped="0" failures="0">
  <properties>
[...]
</properties>
  <testcase name="test_8_retrievePublicationsBySeries" classname="ch.ethz.globis.isk.db4o.service.Db4oPublicationServiceTest" time="0.547"/>
  <testcase name="test_9_retrievePublicationsBySchool" classname="ch.ethz.globis.isk.db4o.service.Db4oPublicationServiceTest" time="0.023"/>
  <testcase name="test_5_insertJournalInfo" classname="ch.ethz.globis.isk.db4o.service.Db4oPublicationServiceTest" time="0.053"/>
  <testcase name="test_10_retrievePublicationsByPublisher" classname="ch.ethz.globis.isk.db4o.service.Db4oPublicationServiceTest" time="0.012"/>
  <testcase name="test_1_insertConferenceInfo" classname="ch.ethz.globis.isk.db4o.service.Db4oPublicationServiceTest" time="0.02"/>
  <testcase name="test_11_retrieveArticlesByJournalEdition" classname="ch.ethz.globis.isk.db4o.service.Db4oPublicationServiceTest" time="0.01"/>
  <testcase name="test_15_retrieveConferenceEditionsByConference" classname="ch.ethz.globis.isk.db4o.service.Db4oPublicationServiceTest" time="0.008"/>
  <testcase name="test_13_retrieveInProceedingsByProceedings" classname="ch.ethz.globis.isk.db4o.service.Db4oPublicationServiceTest" time="0.012"/>
  <testcase name="test_4_insertSeries" classname="ch.ethz.globis.isk.db4o.service.Db4oPublicationServiceTest" time="0.012"/>
  <testcase name="test_14_retrieveJournalEditionsByJournal" classname="ch.ethz.globis.isk.db4o.service.Db4oPublicationServiceTest" time="0.01"/>
  <testcase name="test_3_insertSchool" classname="ch.ethz.globis.isk.db4o.service.Db4oPublicationServiceTest" time="0.014"/>
  <testcase name="test_2_insertPublisher" classname="ch.ethz.globis.isk.db4o.service.Db4oPublicationServiceTest" time="0.011"/>
  <testcase name="test_12_retrieveInCollectionsByBook" classname="ch.ethz.globis.isk.db4o.service.Db4oPublicationServiceTest" time="0.033"/>
  <testcase name="test_6_retrievePublicationsByAuthor" classname="ch.ethz.globis.isk.db4o.service.Db4oPublicationServiceTest" time="0.016"/>
  <testcase name="test_7_retrievePublicationsByEditor" classname="ch.ethz.globis.isk.db4o.service.Db4oPublicationServiceTest" time="0.015"/>
</testsuite>